SF:lib/main.dart
DA:7,3
DA:8,3
DA:9,3
DA:10,6
DA:11,3
DA:17,3
DA:19,3
DA:21,3
DA:23,3
LF:9
LH:9
end_of_record
SF:lib/components/todo_tile.dart
DA:10,3
DA:12,3
DA:13,3
DA:17,3
DA:19,3
DA:20,6
DA:22,3
DA:24,3
DA:25,6
DA:27,3
DA:29,6
DA:30,3
DA:31,2
DA:32,3
DA:33,3
DA:38,3
DA:39,3
DA:40,3
DA:41,3
DA:43,3
DA:46,3
DA:47,3
DA:49,3
DA:50,3
DA:55,6
DA:56,3
DA:57,9
DA:58,3
DA:59,9
DA:60,12
DA:61,2
DA:62,4
DA:63,2
DA:64,3
DA:70,3
DA:71,3
DA:80,3
DA:82,3
DA:83,3
DA:84,2
DA:85,3
DA:93,3
DA:94,3
LF:43
LH:43
end_of_record
SF:lib/body.dart
DA:8,3
DA:10,3
DA:12,3
DA:13,3
DA:22,3
DA:23,6
LF:6
LH:6
end_of_record
SF:lib/pages/completed_todos.dart
DA:8,3
DA:10,1
DA:12,1
DA:13,1
DA:15,1
DA:19,1
DA:20,1
DA:22,2
DA:23,3
DA:26,1
DA:27,1
DA:28,1
DA:29,2
DA:30,1
LF:14
LH:14
end_of_record
SF:lib/pages/deleted_todos.dart
DA:8,3
DA:10,1
DA:12,1
DA:13,1
DA:15,1
DA:18,1
DA:19,1
DA:21,2
DA:22,1
DA:23,1
DA:24,1
DA:25,2
DA:26,1
LF:13
LH:13
end_of_record
SF:lib/pages/todos.dart
DA:10,3
DA:12,3
DA:14,6
DA:15,3
DA:16,3
DA:17,3
DA:18,9
DA:20,3
DA:22,3
DA:23,3
DA:25,6
DA:27,3
DA:34,3
DA:36,6
DA:37,6
DA:40,3
DA:41,0
DA:48,3
DA:49,3
DA:51,3
DA:52,3
DA:59,3
DA:61,3
DA:62,3
DA:63,6
LF:25
LH:24
end_of_record
SF:lib/components/add_category_modal_bottom_sheet.dart
DA:4,2
DA:6,2
DA:8,2
DA:9,2
DA:11,2
DA:12,2
DA:13,2
DA:14,2
DA:22,2
DA:23,4
DA:24,2
DA:25,4
LF:12
LH:12
end_of_record
SF:lib/components/add_todo_modal_bottom_sheet.dart
DA:10,3
DA:12,3
DA:14,3
DA:25,3
DA:27,3
DA:28,6
DA:29,9
DA:32,3
DA:34,6
DA:35,3
DA:37,3
DA:43,3
DA:45,3
DA:47,3
DA:52,6
DA:53,6
DA:54,3
DA:55,2
DA:56,2
DA:57,4
DA:58,2
DA:60,4
DA:61,4
DA:62,2
DA:68,3
DA:69,3
DA:70,0
DA:71,0
DA:72,0
DA:75,3
DA:76,1
DA:77,1
DA:79,1
DA:80,1
DA:81,1
DA:82,1
DA:83,1
DA:84,2
DA:86,2
DA:87,2
DA:88,2
DA:95,3
DA:96,3
DA:97,0
DA:98,0
DA:99,0
DA:102,3
DA:103,1
DA:104,1
DA:106,1
DA:107,1
DA:108,1
DA:109,2
DA:111,2
DA:112,2
DA:119,3
DA:120,3
DA:121,0
DA:122,0
DA:123,0
DA:127,3
DA:128,3
DA:129,9
DA:130,12
DA:131,18
DA:133,6
LF:66
LH:57
end_of_record
SF:lib/pages/categories.dart
DA:9,3
DA:11,2
DA:12,2
DA:16,2
DA:18,2
DA:19,2
DA:21,2
DA:22,2
DA:24,2
DA:25,0
DA:33,2
DA:34,2
DA:35,2
DA:37,2
DA:38,6
DA:39,6
DA:41,4
DA:44,2
DA:46,4
DA:47,2
DA:48,2
DA:49,2
DA:50,4
DA:51,2
DA:52,2
DA:53,2
DA:57,2
DA:58,2
DA:59,2
DA:60,2
DA:63,2
DA:64,0
LF:32
LH:30
end_of_record
SF:lib/components/todo_property_row.dart
DA:7,3
DA:9,3
DA:11,3
DA:12,6
DA:13,3
DA:14,3
DA:15,3
DA:16,3
DA:20,3
DA:22,3
LF:10
LH:10
end_of_record
SF:lib/providers/todo_provider.dart
DA:25,1
DA:26,5
DA:29,1
DA:30,1
DA:31,4
DA:32,1
DA:35,3
DA:37,9
DA:43,3
DA:46,1
DA:47,2
DA:48,1
DA:51,1
DA:52,2
DA:53,1
DA:56,1
DA:57,1
DA:58,2
DA:59,3
DA:60,1
DA:63,2
DA:64,4
DA:65,2
DA:68,0
DA:69,0
DA:70,0
LF:26
LH:23
end_of_record
SF:lib/components/delete_button.dart
DA:5,3
DA:7,2
DA:9,2
DA:10,0
LF:4
LH:3
end_of_record
SF:lib/components/search_bar.dart
DA:6,3
DA:8,3
DA:9,3
DA:15,3
DA:17,3
DA:19,3
DA:20,3
DA:22,3
DA:24,3
DA:26,1
DA:27,2
DA:28,1
DA:30,1
DA:31,3
LF:14
LH:14
end_of_record
SF:lib/pages/search_results.dart
DA:10,1
DA:12,1
DA:14,1
DA:15,2
DA:17,1
DA:18,1
DA:20,1
DA:21,1
DA:23,1
DA:24,1
DA:25,1
DA:32,1
DA:33,0
DA:40,1
DA:42,1
DA:43,1
DA:44,1
DA:48,1
DA:49,1
DA:50,1
DA:51,1
DA:52,1
DA:53,2
LF:23
LH:22
end_of_record
SF:lib/models/todo.dart
DA:10,3
LF:1
LH:1
end_of_record
SF:lib/pages/todo.dart
DA:10,1
DA:12,1
DA:14,1
DA:16,1
DA:17,2
DA:20,1
DA:21,1
DA:24,2
DA:27,1
DA:28,1
DA:29,1
DA:30,2
DA:31,1
DA:32,1
DA:37,1
DA:38,0
DA:39,0
DA:51,1
DA:52,1
DA:53,1
DA:54,0
DA:60,1
DA:61,1
DA:63,1
DA:64,1
DA:65,1
DA:75,1
DA:77,1
DA:79,1
DA:80,1
DA:81,2
DA:87,1
DA:88,3
DA:89,1
DA:91,3
DA:95,1
DA:96,1
DA:97,1
DA:98,3
DA:99,1
DA:100,2
DA:101,1
DA:103,6
DA:108,1
DA:109,3
DA:110,1
DA:111,2
DA:112,1
DA:113,2
LF:49
LH:46
end_of_record
SF:lib/theme.dart
DA:3,9
LF:1
LH:1
end_of_record
